[
  {
    "line": 1,
    "elements": [
      {
        "line": 2,
        "name": "",
        "description": "",
        "type": "background",
        "keyword": "Background",
        "steps": [
          {
            "result": {
              "status": "skipped"
            },
            "line": 3,
            "name": ": I\u0027m on  the site http://parsleyjs.org/doc/examples/simple.html",
            "match": {
              "location": "StartPageStep.i_m_on_the_site_http_parsleyjs_org_doc_examples_simple_html()"
            },
            "keyword": "Given "
          }
        ]
      },
      {
        "before": [
          {
            "result": {
              "duration": 38310800,
              "error_message": "java.lang.IllegalStateException: The driver executable does not exist: E:\\PROJECTS\\GITHUB\\cucumber\\2\\cucumber-tests\\phantomjs\r\n\tat com.google.common.base.Preconditions.checkState(Preconditions.java:199)\r\n\tat org.openqa.selenium.remote.service.DriverService.checkExecutable(DriverService.java:121)\r\n\tat org.openqa.selenium.phantomjs.PhantomJSDriverService.findPhantomJS(PhantomJSDriverService.java:245)\r\n\tat org.openqa.selenium.phantomjs.PhantomJSDriverService.createDefaultService(PhantomJSDriverService.java:181)\r\n\tat org.openqa.selenium.phantomjs.PhantomJSDriver.\u003cinit\u003e(PhantomJSDriver.java:105)\r\n\tat steps.Hooks.openBrowser(Hooks.java:55)\r\n\tat sun.reflect.NativeMethodAccessorImpl.invoke0(Native Method)\r\n\tat sun.reflect.NativeMethodAccessorImpl.invoke(NativeMethodAccessorImpl.java:62)\r\n\tat sun.reflect.DelegatingMethodAccessorImpl.invoke(DelegatingMethodAccessorImpl.java:43)\r\n\tat java.lang.reflect.Method.invoke(Method.java:483)\r\n\tat cucumber.runtime.Utils$1.call(Utils.java:37)\r\n\tat cucumber.runtime.Timeout.timeout(Timeout.java:13)\r\n\tat cucumber.runtime.Utils.invoke(Utils.java:31)\r\n\tat cucumber.runtime.java.JavaHookDefinition.execute(JavaHookDefinition.java:59)\r\n\tat cucumber.runtime.Runtime.runHookIfTagsMatch(Runtime.java:223)\r\n\tat cucumber.runtime.Runtime.runHooks(Runtime.java:211)\r\n\tat cucumber.runtime.Runtime.runBeforeHooks(Runtime.java:201)\r\n\tat cucumber.runtime.model.CucumberScenario.run(CucumberScenario.java:40)\r\n\tat cucumber.runtime.junit.ExecutionUnitRunner.run(ExecutionUnitRunner.java:91)\r\n\tat cucumber.runtime.junit.FeatureRunner.runChild(FeatureRunner.java:63)\r\n\tat cucumber.runtime.junit.FeatureRunner.runChild(FeatureRunner.java:18)\r\n\tat org.junit.runners.ParentRunner$3.run(ParentRunner.java:290)\r\n\tat org.junit.runners.ParentRunner$1.schedule(ParentRunner.java:71)\r\n\tat org.junit.runners.ParentRunner.runChildren(ParentRunner.java:288)\r\n\tat org.junit.runners.ParentRunner.access$000(ParentRunner.java:58)\r\n\tat org.junit.runners.ParentRunner$2.evaluate(ParentRunner.java:268)\r\n\tat org.junit.runners.ParentRunner.run(ParentRunner.java:363)\r\n\tat cucumber.runtime.junit.FeatureRunner.run(FeatureRunner.java:70)\r\n\tat cucumber.api.junit.Cucumber.runChild(Cucumber.java:93)\r\n\tat cucumber.api.junit.Cucumber.runChild(Cucumber.java:37)\r\n\tat org.junit.runners.ParentRunner$3.run(ParentRunner.java:290)\r\n\tat org.junit.runners.ParentRunner$1.schedule(ParentRunner.java:71)\r\n\tat org.junit.runners.ParentRunner.runChildren(ParentRunner.java:288)\r\n\tat org.junit.runners.ParentRunner.access$000(ParentRunner.java:58)\r\n\tat org.junit.runners.ParentRunner$2.evaluate(ParentRunner.java:268)\r\n\tat org.junit.runners.ParentRunner.run(ParentRunner.java:363)\r\n\tat cucumber.api.junit.Cucumber.run(Cucumber.java:98)\r\n\tat org.gradle.api.internal.tasks.testing.junit.JUnitTestClassExecuter.runTestClass(JUnitTestClassExecuter.java:86)\r\n\tat org.gradle.api.internal.tasks.testing.junit.JUnitTestClassExecuter.execute(JUnitTestClassExecuter.java:49)\r\n\tat org.gradle.api.internal.tasks.testing.junit.JUnitTestClassProcessor.processTestClass(JUnitTestClassProcessor.java:69)\r\n\tat org.gradle.api.internal.tasks.testing.SuiteTestClassProcessor.processTestClass(SuiteTestClassProcessor.java:48)\r\n\tat sun.reflect.NativeMethodAccessorImpl.invoke0(Native Method)\r\n\tat sun.reflect.NativeMethodAccessorImpl.invoke(NativeMethodAccessorImpl.java:62)\r\n\tat sun.reflect.DelegatingMethodAccessorImpl.invoke(DelegatingMethodAccessorImpl.java:43)\r\n\tat java.lang.reflect.Method.invoke(Method.java:483)\r\n\tat org.gradle.messaging.dispatch.ReflectionDispatch.dispatch(ReflectionDispatch.java:35)\r\n\tat org.gradle.messaging.dispatch.ReflectionDispatch.dispatch(ReflectionDispatch.java:24)\r\n\tat org.gradle.messaging.dispatch.ContextClassLoaderDispatch.dispatch(ContextClassLoaderDispatch.java:32)\r\n\tat org.gradle.messaging.dispatch.ProxyDispatchAdapter$DispatchingInvocationHandler.invoke(ProxyDispatchAdapter.java:93)\r\n\tat com.sun.proxy.$Proxy2.processTestClass(Unknown Source)\r\n\tat org.gradle.api.internal.tasks.testing.worker.TestWorker.processTestClass(TestWorker.java:105)\r\n\tat sun.reflect.NativeMethodAccessorImpl.invoke0(Native Method)\r\n\tat sun.reflect.NativeMethodAccessorImpl.invoke(NativeMethodAccessorImpl.java:62)\r\n\tat sun.reflect.DelegatingMethodAccessorImpl.invoke(DelegatingMethodAccessorImpl.java:43)\r\n\tat java.lang.reflect.Method.invoke(Method.java:483)\r\n\tat org.gradle.messaging.dispatch.ReflectionDispatch.dispatch(ReflectionDispatch.java:35)\r\n\tat org.gradle.messaging.dispatch.ReflectionDispatch.dispatch(ReflectionDispatch.java:24)\r\n\tat org.gradle.messaging.remote.internal.hub.MessageHub$Handler.run(MessageHub.java:355)\r\n\tat org.gradle.internal.concurrent.DefaultExecutorFactory$StoppableExecutorImpl$1.run(DefaultExecutorFactory.java:64)\r\n\tat java.util.concurrent.ThreadPoolExecutor.runWorker(ThreadPoolExecutor.java:1142)\r\n\tat java.util.concurrent.ThreadPoolExecutor$Worker.run(ThreadPoolExecutor.java:617)\r\n\tat java.lang.Thread.run(Thread.java:745)\r\n",
              "status": "failed"
            },
            "match": {
              "location": "Hooks.openBrowser()"
            }
          }
        ],
        "line": 5,
        "name": "When all the field are empty the message should be This form seems to be invalid :(",
        "description": "",
        "id": "checking--different--values-on-the-form-of-http://parsleyjs.org/doc/examples/simple.html;when-all-the-field-are-empty-the-message-should-be-this-form-seems-to-be-invalid-:(",
        "after": [
          {
            "result": {
              "duration": 258645,
              "error_message": "java.lang.NullPointerException\r\n\tat steps.Hooks.embedScreenshot(Hooks.java:76)\r\n\tat sun.reflect.NativeMethodAccessorImpl.invoke0(Native Method)\r\n\tat sun.reflect.NativeMethodAccessorImpl.invoke(NativeMethodAccessorImpl.java:62)\r\n\tat sun.reflect.DelegatingMethodAccessorImpl.invoke(DelegatingMethodAccessorImpl.java:43)\r\n\tat java.lang.reflect.Method.invoke(Method.java:483)\r\n\tat cucumber.runtime.Utils$1.call(Utils.java:37)\r\n\tat cucumber.runtime.Timeout.timeout(Timeout.java:13)\r\n\tat cucumber.runtime.Utils.invoke(Utils.java:31)\r\n\tat cucumber.runtime.java.JavaHookDefinition.execute(JavaHookDefinition.java:59)\r\n\tat cucumber.runtime.Runtime.runHookIfTagsMatch(Runtime.java:223)\r\n\tat cucumber.runtime.Runtime.runHooks(Runtime.java:211)\r\n\tat cucumber.runtime.Runtime.runAfterHooks(Runtime.java:205)\r\n\tat cucumber.runtime.model.CucumberScenario.run(CucumberScenario.java:46)\r\n\tat cucumber.runtime.junit.ExecutionUnitRunner.run(ExecutionUnitRunner.java:91)\r\n\tat cucumber.runtime.junit.FeatureRunner.runChild(FeatureRunner.java:63)\r\n\tat cucumber.runtime.junit.FeatureRunner.runChild(FeatureRunner.java:18)\r\n\tat org.junit.runners.ParentRunner$3.run(ParentRunner.java:290)\r\n\tat org.junit.runners.ParentRunner$1.schedule(ParentRunner.java:71)\r\n\tat org.junit.runners.ParentRunner.runChildren(ParentRunner.java:288)\r\n\tat org.junit.runners.ParentRunner.access$000(ParentRunner.java:58)\r\n\tat org.junit.runners.ParentRunner$2.evaluate(ParentRunner.java:268)\r\n\tat org.junit.runners.ParentRunner.run(ParentRunner.java:363)\r\n\tat cucumber.runtime.junit.FeatureRunner.run(FeatureRunner.java:70)\r\n\tat cucumber.api.junit.Cucumber.runChild(Cucumber.java:93)\r\n\tat cucumber.api.junit.Cucumber.runChild(Cucumber.java:37)\r\n\tat org.junit.runners.ParentRunner$3.run(ParentRunner.java:290)\r\n\tat org.junit.runners.ParentRunner$1.schedule(ParentRunner.java:71)\r\n\tat org.junit.runners.ParentRunner.runChildren(ParentRunner.java:288)\r\n\tat org.junit.runners.ParentRunner.access$000(ParentRunner.java:58)\r\n\tat org.junit.runners.ParentRunner$2.evaluate(ParentRunner.java:268)\r\n\tat org.junit.runners.ParentRunner.run(ParentRunner.java:363)\r\n\tat cucumber.api.junit.Cucumber.run(Cucumber.java:98)\r\n\tat org.gradle.api.internal.tasks.testing.junit.JUnitTestClassExecuter.runTestClass(JUnitTestClassExecuter.java:86)\r\n\tat org.gradle.api.internal.tasks.testing.junit.JUnitTestClassExecuter.execute(JUnitTestClassExecuter.java:49)\r\n\tat org.gradle.api.internal.tasks.testing.junit.JUnitTestClassProcessor.processTestClass(JUnitTestClassProcessor.java:69)\r\n\tat org.gradle.api.internal.tasks.testing.SuiteTestClassProcessor.processTestClass(SuiteTestClassProcessor.java:48)\r\n\tat sun.reflect.NativeMethodAccessorImpl.invoke0(Native Method)\r\n\tat sun.reflect.NativeMethodAccessorImpl.invoke(NativeMethodAccessorImpl.java:62)\r\n\tat sun.reflect.DelegatingMethodAccessorImpl.invoke(DelegatingMethodAccessorImpl.java:43)\r\n\tat java.lang.reflect.Method.invoke(Method.java:483)\r\n\tat org.gradle.messaging.dispatch.ReflectionDispatch.dispatch(ReflectionDispatch.java:35)\r\n\tat org.gradle.messaging.dispatch.ReflectionDispatch.dispatch(ReflectionDispatch.java:24)\r\n\tat org.gradle.messaging.dispatch.ContextClassLoaderDispatch.dispatch(ContextClassLoaderDispatch.java:32)\r\n\tat org.gradle.messaging.dispatch.ProxyDispatchAdapter$DispatchingInvocationHandler.invoke(ProxyDispatchAdapter.java:93)\r\n\tat com.sun.proxy.$Proxy2.processTestClass(Unknown Source)\r\n\tat org.gradle.api.internal.tasks.testing.worker.TestWorker.processTestClass(TestWorker.java:105)\r\n\tat sun.reflect.NativeMethodAccessorImpl.invoke0(Native Method)\r\n\tat sun.reflect.NativeMethodAccessorImpl.invoke(NativeMethodAccessorImpl.java:62)\r\n\tat sun.reflect.DelegatingMethodAccessorImpl.invoke(DelegatingMethodAccessorImpl.java:43)\r\n\tat java.lang.reflect.Method.invoke(Method.java:483)\r\n\tat org.gradle.messaging.dispatch.ReflectionDispatch.dispatch(ReflectionDispatch.java:35)\r\n\tat org.gradle.messaging.dispatch.ReflectionDispatch.dispatch(ReflectionDispatch.java:24)\r\n\tat org.gradle.messaging.remote.internal.hub.MessageHub$Handler.run(MessageHub.java:355)\r\n\tat org.gradle.internal.concurrent.DefaultExecutorFactory$StoppableExecutorImpl$1.run(DefaultExecutorFactory.java:64)\r\n\tat java.util.concurrent.ThreadPoolExecutor.runWorker(ThreadPoolExecutor.java:1142)\r\n\tat java.util.concurrent.ThreadPoolExecutor$Worker.run(ThreadPoolExecutor.java:617)\r\n\tat java.lang.Thread.run(Thread.java:745)\r\n",
              "status": "failed"
            },
            "match": {
              "location": "Hooks.embedScreenshot(Scenario)"
            }
          }
        ],
        "type": "scenario",
        "keyword": "Scenario",
        "steps": [
          {
            "result": {
              "status": "skipped"
            },
            "line": 6,
            "name": ": I press the button  Validate",
            "match": {
              "location": "PressButtonStep.i_press_the_button_Validate()"
            },
            "keyword": "When "
          },
          {
            "result": {
              "status": "skipped"
            },
            "line": 7,
            "name": ": I see the message \"This form seems to be invalid :(\"",
            "match": {
              "arguments": [
                {
                  "val": "This form seems to be invalid :(",
                  "offset": 21
                }
              ],
              "location": "ValidationMessageStep.i_see_the_message(String)"
            },
            "keyword": "Then "
          },
          {
            "result": {
              "status": "skipped"
            },
            "line": 8,
            "name": ": I close the browser",
            "match": {
              "location": "CloseBrowserStep.i_close_the_browser()"
            },
            "keyword": "And "
          }
        ]
      },
      {
        "line": 2,
        "name": "",
        "description": "",
        "type": "background",
        "keyword": "Background",
        "steps": [
          {
            "result": {
              "status": "skipped"
            },
            "line": 3,
            "name": ": I\u0027m on  the site http://parsleyjs.org/doc/examples/simple.html",
            "match": {
              "location": "StartPageStep.i_m_on_the_site_http_parsleyjs_org_doc_examples_simple_html()"
            },
            "keyword": "Given "
          }
        ]
      },
      {
        "before": [
          {
            "result": {
              "duration": 2087637,
              "error_message": "java.lang.IllegalStateException: The driver executable does not exist: E:\\PROJECTS\\GITHUB\\cucumber\\2\\cucumber-tests\\phantomjs\r\n\tat com.google.common.base.Preconditions.checkState(Preconditions.java:199)\r\n\tat org.openqa.selenium.remote.service.DriverService.checkExecutable(DriverService.java:121)\r\n\tat org.openqa.selenium.phantomjs.PhantomJSDriverService.findPhantomJS(PhantomJSDriverService.java:245)\r\n\tat org.openqa.selenium.phantomjs.PhantomJSDriverService.createDefaultService(PhantomJSDriverService.java:181)\r\n\tat org.openqa.selenium.phantomjs.PhantomJSDriver.\u003cinit\u003e(PhantomJSDriver.java:105)\r\n\tat steps.Hooks.openBrowser(Hooks.java:55)\r\n\tat sun.reflect.NativeMethodAccessorImpl.invoke0(Native Method)\r\n\tat sun.reflect.NativeMethodAccessorImpl.invoke(NativeMethodAccessorImpl.java:62)\r\n\tat sun.reflect.DelegatingMethodAccessorImpl.invoke(DelegatingMethodAccessorImpl.java:43)\r\n\tat java.lang.reflect.Method.invoke(Method.java:483)\r\n\tat cucumber.runtime.Utils$1.call(Utils.java:37)\r\n\tat cucumber.runtime.Timeout.timeout(Timeout.java:13)\r\n\tat cucumber.runtime.Utils.invoke(Utils.java:31)\r\n\tat cucumber.runtime.java.JavaHookDefinition.execute(JavaHookDefinition.java:59)\r\n\tat cucumber.runtime.Runtime.runHookIfTagsMatch(Runtime.java:223)\r\n\tat cucumber.runtime.Runtime.runHooks(Runtime.java:211)\r\n\tat cucumber.runtime.Runtime.runBeforeHooks(Runtime.java:201)\r\n\tat cucumber.runtime.model.CucumberScenario.run(CucumberScenario.java:40)\r\n\tat cucumber.runtime.junit.ExecutionUnitRunner.run(ExecutionUnitRunner.java:91)\r\n\tat cucumber.runtime.junit.FeatureRunner.runChild(FeatureRunner.java:63)\r\n\tat cucumber.runtime.junit.FeatureRunner.runChild(FeatureRunner.java:18)\r\n\tat org.junit.runners.ParentRunner$3.run(ParentRunner.java:290)\r\n\tat org.junit.runners.ParentRunner$1.schedule(ParentRunner.java:71)\r\n\tat org.junit.runners.ParentRunner.runChildren(ParentRunner.java:288)\r\n\tat org.junit.runners.ParentRunner.access$000(ParentRunner.java:58)\r\n\tat org.junit.runners.ParentRunner$2.evaluate(ParentRunner.java:268)\r\n\tat org.junit.runners.ParentRunner.run(ParentRunner.java:363)\r\n\tat cucumber.runtime.junit.FeatureRunner.run(FeatureRunner.java:70)\r\n\tat cucumber.api.junit.Cucumber.runChild(Cucumber.java:93)\r\n\tat cucumber.api.junit.Cucumber.runChild(Cucumber.java:37)\r\n\tat org.junit.runners.ParentRunner$3.run(ParentRunner.java:290)\r\n\tat org.junit.runners.ParentRunner$1.schedule(ParentRunner.java:71)\r\n\tat org.junit.runners.ParentRunner.runChildren(ParentRunner.java:288)\r\n\tat org.junit.runners.ParentRunner.access$000(ParentRunner.java:58)\r\n\tat org.junit.runners.ParentRunner$2.evaluate(ParentRunner.java:268)\r\n\tat org.junit.runners.ParentRunner.run(ParentRunner.java:363)\r\n\tat cucumber.api.junit.Cucumber.run(Cucumber.java:98)\r\n\tat org.gradle.api.internal.tasks.testing.junit.JUnitTestClassExecuter.runTestClass(JUnitTestClassExecuter.java:86)\r\n\tat org.gradle.api.internal.tasks.testing.junit.JUnitTestClassExecuter.execute(JUnitTestClassExecuter.java:49)\r\n\tat org.gradle.api.internal.tasks.testing.junit.JUnitTestClassProcessor.processTestClass(JUnitTestClassProcessor.java:69)\r\n\tat org.gradle.api.internal.tasks.testing.SuiteTestClassProcessor.processTestClass(SuiteTestClassProcessor.java:48)\r\n\tat sun.reflect.NativeMethodAccessorImpl.invoke0(Native Method)\r\n\tat sun.reflect.NativeMethodAccessorImpl.invoke(NativeMethodAccessorImpl.java:62)\r\n\tat sun.reflect.DelegatingMethodAccessorImpl.invoke(DelegatingMethodAccessorImpl.java:43)\r\n\tat java.lang.reflect.Method.invoke(Method.java:483)\r\n\tat org.gradle.messaging.dispatch.ReflectionDispatch.dispatch(ReflectionDispatch.java:35)\r\n\tat org.gradle.messaging.dispatch.ReflectionDispatch.dispatch(ReflectionDispatch.java:24)\r\n\tat org.gradle.messaging.dispatch.ContextClassLoaderDispatch.dispatch(ContextClassLoaderDispatch.java:32)\r\n\tat org.gradle.messaging.dispatch.ProxyDispatchAdapter$DispatchingInvocationHandler.invoke(ProxyDispatchAdapter.java:93)\r\n\tat com.sun.proxy.$Proxy2.processTestClass(Unknown Source)\r\n\tat org.gradle.api.internal.tasks.testing.worker.TestWorker.processTestClass(TestWorker.java:105)\r\n\tat sun.reflect.NativeMethodAccessorImpl.invoke0(Native Method)\r\n\tat sun.reflect.NativeMethodAccessorImpl.invoke(NativeMethodAccessorImpl.java:62)\r\n\tat sun.reflect.DelegatingMethodAccessorImpl.invoke(DelegatingMethodAccessorImpl.java:43)\r\n\tat java.lang.reflect.Method.invoke(Method.java:483)\r\n\tat org.gradle.messaging.dispatch.ReflectionDispatch.dispatch(ReflectionDispatch.java:35)\r\n\tat org.gradle.messaging.dispatch.ReflectionDispatch.dispatch(ReflectionDispatch.java:24)\r\n\tat org.gradle.messaging.remote.internal.hub.MessageHub$Handler.run(MessageHub.java:355)\r\n\tat org.gradle.internal.concurrent.DefaultExecutorFactory$StoppableExecutorImpl$1.run(DefaultExecutorFactory.java:64)\r\n\tat java.util.concurrent.ThreadPoolExecutor.runWorker(ThreadPoolExecutor.java:1142)\r\n\tat java.util.concurrent.ThreadPoolExecutor$Worker.run(ThreadPoolExecutor.java:617)\r\n\tat java.lang.Thread.run(Thread.java:745)\r\n",
              "status": "failed"
            },
            "match": {
              "location": "Hooks.openBrowser()"
            }
          }
        ],
        "line": 10,
        "name": "When There are only two   fields with information  the message should be This form seems to be invalid :(",
        "description": "",
        "id": "checking--different--values-on-the-form-of-http://parsleyjs.org/doc/examples/simple.html;when-there-are-only-two---fields-with-information--the-message-should-be-this-form-seems-to-be-invalid-:(",
        "after": [
          {
            "result": {
              "duration": 114954,
              "error_message": "java.lang.NullPointerException\r\n\tat steps.Hooks.embedScreenshot(Hooks.java:76)\r\n\tat sun.reflect.NativeMethodAccessorImpl.invoke0(Native Method)\r\n\tat sun.reflect.NativeMethodAccessorImpl.invoke(NativeMethodAccessorImpl.java:62)\r\n\tat sun.reflect.DelegatingMethodAccessorImpl.invoke(DelegatingMethodAccessorImpl.java:43)\r\n\tat java.lang.reflect.Method.invoke(Method.java:483)\r\n\tat cucumber.runtime.Utils$1.call(Utils.java:37)\r\n\tat cucumber.runtime.Timeout.timeout(Timeout.java:13)\r\n\tat cucumber.runtime.Utils.invoke(Utils.java:31)\r\n\tat cucumber.runtime.java.JavaHookDefinition.execute(JavaHookDefinition.java:59)\r\n\tat cucumber.runtime.Runtime.runHookIfTagsMatch(Runtime.java:223)\r\n\tat cucumber.runtime.Runtime.runHooks(Runtime.java:211)\r\n\tat cucumber.runtime.Runtime.runAfterHooks(Runtime.java:205)\r\n\tat cucumber.runtime.model.CucumberScenario.run(CucumberScenario.java:46)\r\n\tat cucumber.runtime.junit.ExecutionUnitRunner.run(ExecutionUnitRunner.java:91)\r\n\tat cucumber.runtime.junit.FeatureRunner.runChild(FeatureRunner.java:63)\r\n\tat cucumber.runtime.junit.FeatureRunner.runChild(FeatureRunner.java:18)\r\n\tat org.junit.runners.ParentRunner$3.run(ParentRunner.java:290)\r\n\tat org.junit.runners.ParentRunner$1.schedule(ParentRunner.java:71)\r\n\tat org.junit.runners.ParentRunner.runChildren(ParentRunner.java:288)\r\n\tat org.junit.runners.ParentRunner.access$000(ParentRunner.java:58)\r\n\tat org.junit.runners.ParentRunner$2.evaluate(ParentRunner.java:268)\r\n\tat org.junit.runners.ParentRunner.run(ParentRunner.java:363)\r\n\tat cucumber.runtime.junit.FeatureRunner.run(FeatureRunner.java:70)\r\n\tat cucumber.api.junit.Cucumber.runChild(Cucumber.java:93)\r\n\tat cucumber.api.junit.Cucumber.runChild(Cucumber.java:37)\r\n\tat org.junit.runners.ParentRunner$3.run(ParentRunner.java:290)\r\n\tat org.junit.runners.ParentRunner$1.schedule(ParentRunner.java:71)\r\n\tat org.junit.runners.ParentRunner.runChildren(ParentRunner.java:288)\r\n\tat org.junit.runners.ParentRunner.access$000(ParentRunner.java:58)\r\n\tat org.junit.runners.ParentRunner$2.evaluate(ParentRunner.java:268)\r\n\tat org.junit.runners.ParentRunner.run(ParentRunner.java:363)\r\n\tat cucumber.api.junit.Cucumber.run(Cucumber.java:98)\r\n\tat org.gradle.api.internal.tasks.testing.junit.JUnitTestClassExecuter.runTestClass(JUnitTestClassExecuter.java:86)\r\n\tat org.gradle.api.internal.tasks.testing.junit.JUnitTestClassExecuter.execute(JUnitTestClassExecuter.java:49)\r\n\tat org.gradle.api.internal.tasks.testing.junit.JUnitTestClassProcessor.processTestClass(JUnitTestClassProcessor.java:69)\r\n\tat org.gradle.api.internal.tasks.testing.SuiteTestClassProcessor.processTestClass(SuiteTestClassProcessor.java:48)\r\n\tat sun.reflect.NativeMethodAccessorImpl.invoke0(Native Method)\r\n\tat sun.reflect.NativeMethodAccessorImpl.invoke(NativeMethodAccessorImpl.java:62)\r\n\tat sun.reflect.DelegatingMethodAccessorImpl.invoke(DelegatingMethodAccessorImpl.java:43)\r\n\tat java.lang.reflect.Method.invoke(Method.java:483)\r\n\tat org.gradle.messaging.dispatch.ReflectionDispatch.dispatch(ReflectionDispatch.java:35)\r\n\tat org.gradle.messaging.dispatch.ReflectionDispatch.dispatch(ReflectionDispatch.java:24)\r\n\tat org.gradle.messaging.dispatch.ContextClassLoaderDispatch.dispatch(ContextClassLoaderDispatch.java:32)\r\n\tat org.gradle.messaging.dispatch.ProxyDispatchAdapter$DispatchingInvocationHandler.invoke(ProxyDispatchAdapter.java:93)\r\n\tat com.sun.proxy.$Proxy2.processTestClass(Unknown Source)\r\n\tat org.gradle.api.internal.tasks.testing.worker.TestWorker.processTestClass(TestWorker.java:105)\r\n\tat sun.reflect.NativeMethodAccessorImpl.invoke0(Native Method)\r\n\tat sun.reflect.NativeMethodAccessorImpl.invoke(NativeMethodAccessorImpl.java:62)\r\n\tat sun.reflect.DelegatingMethodAccessorImpl.invoke(DelegatingMethodAccessorImpl.java:43)\r\n\tat java.lang.reflect.Method.invoke(Method.java:483)\r\n\tat org.gradle.messaging.dispatch.ReflectionDispatch.dispatch(ReflectionDispatch.java:35)\r\n\tat org.gradle.messaging.dispatch.ReflectionDispatch.dispatch(ReflectionDispatch.java:24)\r\n\tat org.gradle.messaging.remote.internal.hub.MessageHub$Handler.run(MessageHub.java:355)\r\n\tat org.gradle.internal.concurrent.DefaultExecutorFactory$StoppableExecutorImpl$1.run(DefaultExecutorFactory.java:64)\r\n\tat java.util.concurrent.ThreadPoolExecutor.runWorker(ThreadPoolExecutor.java:1142)\r\n\tat java.util.concurrent.ThreadPoolExecutor$Worker.run(ThreadPoolExecutor.java:617)\r\n\tat java.lang.Thread.run(Thread.java:745)\r\n",
              "status": "failed"
            },
            "match": {
              "location": "Hooks.embedScreenshot(Scenario)"
            }
          }
        ],
        "type": "scenario",
        "keyword": "Scenario",
        "steps": [
          {
            "result": {
              "status": "skipped"
            },
            "line": 11,
            "name": ": I fill out  the field  name",
            "match": {
              "location": "FillOutNameStep.i_fill_out_the_field_name()"
            },
            "keyword": "When "
          },
          {
            "result": {
              "status": "skipped"
            },
            "line": 12,
            "name": ":  I fill out  the field  email",
            "match": {
              "location": "FillOutEmailStep.i_fill_out_the_field_email()"
            },
            "keyword": "And "
          },
          {
            "result": {
              "status": "skipped"
            },
            "line": 13,
            "name": ": I press the button  Validate",
            "match": {
              "location": "PressButtonStep.i_press_the_button_Validate()"
            },
            "keyword": "And "
          },
          {
            "result": {
              "status": "skipped"
            },
            "line": 14,
            "name": ": I see the message \"This form seems to be invalid :(\"",
            "match": {
              "arguments": [
                {
                  "val": "This form seems to be invalid :(",
                  "offset": 21
                }
              ],
              "location": "ValidationMessageStep.i_see_the_message(String)"
            },
            "keyword": "Then "
          },
          {
            "result": {
              "status": "skipped"
            },
            "line": 15,
            "name": ": I close the browser",
            "match": {
              "location": "CloseBrowserStep.i_close_the_browser()"
            },
            "keyword": "And "
          }
        ]
      }
    ],
    "name": "Checking  different  values on the form of http://parsleyjs.org/doc/examples/simple.html",
    "description": "",
    "id": "checking--different--values-on-the-form-of-http://parsleyjs.org/doc/examples/simple.html",
    "keyword": "Feature",
    "uri": "features/Form.feature"
  }
]